<?xml version="1.0" encoding="UTF-8"?>
<testng-results skipped="0" failed="3" ignored="0" total="3" passed="0">
  <reporter-output>
  </reporter-output>
  <suite name="Parallel" duration-ms="1000385" started-at="2016-12-15T09:37:10Z" finished-at="2016-12-15T09:53:51Z">
    <groups>
      <group name="cucumber">
        <method signature="AbstractTestNGCucumberTests.feature(cucumber.api.testng.CucumberFeatureWrapper)[pri:0, instance:com.browserstack.tests.BasicSearchTest@2d3fcdbd]" name="feature" class="cucumber.api.testng.AbstractTestNGCucumberTests"/>
        <method signature="AbstractTestNGCucumberTests.feature(cucumber.api.testng.CucumberFeatureWrapper)[pri:0, instance:com.browserstack.tests.BasicSearchTest@13c78c0b]" name="feature" class="cucumber.api.testng.AbstractTestNGCucumberTests"/>
        <method signature="AbstractTestNGCucumberTests.feature(cucumber.api.testng.CucumberFeatureWrapper)[pri:0, instance:com.browserstack.tests.BasicSearchTest@7f560810]" name="feature" class="cucumber.api.testng.AbstractTestNGCucumberTests"/>
      </group> <!-- cucumber -->
    </groups>
    <test name="BasicSearchChrome3" duration-ms="13928" started-at="2016-12-15T09:37:10Z" finished-at="2016-12-15T09:37:24Z">
      <class name="com.browserstack.tests.BasicSearchTest">
        <test-method status="PASS" signature="setUp(java.lang.String, java.lang.String)[pri:0, instance:com.browserstack.tests.BasicSearchTest@7f560810]" name="setUp" is-config="true" duration-ms="4164" started-at="2016-12-15T15:07:10Z" finished-at="2016-12-15T15:07:14Z">
          <params>
            <param index="0">
              <value>
                <![CDATA[single.conf.json]]>
              </value>
            </param>
            <param index="1">
              <value>
                <![CDATA[chrome3]]>
              </value>
            </param>
          </params>
          <reporter-output>
          </reporter-output>
        </test-method> <!-- setUp -->
        <test-method status="PASS" signature="setUpClass()[pri:0, instance:com.browserstack.tests.BasicSearchTest@7f560810]" name="setUpClass" is-config="true" duration-ms="170" started-at="2016-12-15T15:07:14Z" finished-at="2016-12-15T15:07:15Z">
          <reporter-output>
          </reporter-output>
        </test-method> <!-- setUpClass -->
        <test-method status="FAIL" signature="feature(cucumber.api.testng.CucumberFeatureWrapper)[pri:0, instance:com.browserstack.tests.BasicSearchTest@7f560810]" name="feature" duration-ms="9473" started-at="2016-12-15T15:07:15Z" description="Runs Cucumber Feature" data-provider="features" finished-at="2016-12-15T15:07:24Z">
          <params>
            <param index="0">
              <value>
                <![CDATA[Google can search]]>
              </value>
            </param>
          </params>
          <exception class="cucumber.runtime.CucumberException">
            <message>
              <![CDATA[org.junit.ComparisonFailure: expected:<BrowserStack[ - Google Search]> but was:<BrowserStack[BrowserStackBrowserStack - Google zoeken]>]]>
            </message>
            <full-stacktrace>
              <![CDATA[cucumber.runtime.CucumberException: org.junit.ComparisonFailure: expected:<BrowserStack[ - Google Search]> but was:<BrowserStack[BrowserStackBrowserStack - Google zoeken]>
	at cucumber.api.testng.TestNGCucumberRunner.runCucumber(TestNGCucumberRunner.java:69)
	at cucumber.api.testng.AbstractTestNGCucumberTests.feature(AbstractTestNGCucumberTests.java:21)
	at sun.reflect.NativeMethodAccessorImpl.invoke0(Native Method)
	at sun.reflect.NativeMethodAccessorImpl.invoke(NativeMethodAccessorImpl.java:62)
	at sun.reflect.DelegatingMethodAccessorImpl.invoke(DelegatingMethodAccessorImpl.java:43)
	at java.lang.reflect.Method.invoke(Method.java:498)
	at org.testng.internal.MethodInvocationHelper.invokeMethod(MethodInvocationHelper.java:104)
	at org.testng.internal.Invoker.invokeMethod(Invoker.java:645)
	at org.testng.internal.Invoker.invokeTestMethod(Invoker.java:851)
	at org.testng.internal.Invoker.invokeTestMethods(Invoker.java:1177)
	at org.testng.internal.TestMethodWorker.invokeTestMethods(TestMethodWorker.java:129)
	at org.testng.internal.TestMethodWorker.run(TestMethodWorker.java:112)
	at org.testng.TestRunner.privateRun(TestRunner.java:756)
	at org.testng.TestRunner.run(TestRunner.java:610)
	at org.testng.SuiteRunner.runTest(SuiteRunner.java:387)
	at org.testng.SuiteRunner.access$000(SuiteRunner.java:39)
	at org.testng.SuiteRunner$SuiteWorker.run(SuiteRunner.java:421)
	at org.testng.internal.thread.ThreadUtil$2.call(ThreadUtil.java:64)
	at java.util.concurrent.FutureTask.run(FutureTask.java:266)
	at java.util.concurrent.ThreadPoolExecutor.runWorker(ThreadPoolExecutor.java:1142)
	at java.util.concurrent.ThreadPoolExecutor$Worker.run(ThreadPoolExecutor.java:617)
	at java.lang.Thread.run(Thread.java:745)
Caused by: org.junit.ComparisonFailure: expected:<BrowserStack[ - Google Search]> but was:<BrowserStack[BrowserStackBrowserStack - Google zoeken]>
	at org.junit.Assert.assertEquals(Assert.java:115)
	at org.junit.Assert.assertEquals(Assert.java:144)
	at com.browserstack.steps.BasicSearch.I_should_see_the_title(BasicSearch.java:62)
	at ✽.Then I should see the title "BrowserStack - Google Search"(src/test/resources/features/BasicSearch.feature:10)
]]>
            </full-stacktrace>
          </exception> <!-- cucumber.runtime.CucumberException -->
          <reporter-output>
          </reporter-output>
        </test-method> <!-- feature -->
        <test-method status="PASS" signature="tearDownClass()[pri:0, instance:com.browserstack.tests.BasicSearchTest@7f560810]" name="tearDownClass" is-config="true" duration-ms="4" started-at="2016-12-15T15:07:24Z" finished-at="2016-12-15T15:07:24Z">
          <reporter-output>
          </reporter-output>
        </test-method> <!-- tearDownClass -->
      </class> <!-- com.browserstack.tests.BasicSearchTest -->
    </test> <!-- BasicSearchChrome3 -->
    <test name="BasicSearchChrome2" duration-ms="1000037" started-at="2016-12-15T09:37:10Z" finished-at="2016-12-15T09:53:50Z">
      <class name="com.browserstack.tests.BasicSearchTest">
        <test-method status="PASS" signature="setUp(java.lang.String, java.lang.String)[pri:0, instance:com.browserstack.tests.BasicSearchTest@13c78c0b]" name="setUp" is-config="true" duration-ms="4607" started-at="2016-12-15T15:07:10Z" finished-at="2016-12-15T15:07:15Z">
          <params>
            <param index="0">
              <value>
                <![CDATA[single.conf.json]]>
              </value>
            </param>
            <param index="1">
              <value>
                <![CDATA[chrome2]]>
              </value>
            </param>
          </params>
          <reporter-output>
          </reporter-output>
        </test-method> <!-- setUp -->
        <test-method status="PASS" signature="setUpClass()[pri:0, instance:com.browserstack.tests.BasicSearchTest@13c78c0b]" name="setUpClass" is-config="true" duration-ms="11" started-at="2016-12-15T15:07:15Z" finished-at="2016-12-15T15:07:15Z">
          <reporter-output>
          </reporter-output>
        </test-method> <!-- setUpClass -->
        <test-method status="FAIL" signature="feature(cucumber.api.testng.CucumberFeatureWrapper)[pri:0, instance:com.browserstack.tests.BasicSearchTest@13c78c0b]" name="feature" duration-ms="995412" started-at="2016-12-15T15:07:15Z" description="Runs Cucumber Feature" data-provider="features" finished-at="2016-12-15T15:23:50Z">
          <params>
            <param index="0">
              <value>
                <![CDATA[Google can search]]>
              </value>
            </param>
          </params>
          <exception class="cucumber.runtime.CucumberException">
            <message>
              <![CDATA[org.junit.ComparisonFailure: expected:<BrowserStack[ - Google Search]> but was:<BrowserStack[BrowserStackBrowserStack - Google zoeken]>]]>
            </message>
            <full-stacktrace>
              <![CDATA[cucumber.runtime.CucumberException: org.junit.ComparisonFailure: expected:<BrowserStack[ - Google Search]> but was:<BrowserStack[BrowserStackBrowserStack - Google zoeken]>
	at cucumber.api.testng.TestNGCucumberRunner.runCucumber(TestNGCucumberRunner.java:69)
	at cucumber.api.testng.AbstractTestNGCucumberTests.feature(AbstractTestNGCucumberTests.java:21)
	at sun.reflect.NativeMethodAccessorImpl.invoke0(Native Method)
	at sun.reflect.NativeMethodAccessorImpl.invoke(NativeMethodAccessorImpl.java:62)
	at sun.reflect.DelegatingMethodAccessorImpl.invoke(DelegatingMethodAccessorImpl.java:43)
	at java.lang.reflect.Method.invoke(Method.java:498)
	at org.testng.internal.MethodInvocationHelper.invokeMethod(MethodInvocationHelper.java:104)
	at org.testng.internal.Invoker.invokeMethod(Invoker.java:645)
	at org.testng.internal.Invoker.invokeTestMethod(Invoker.java:851)
	at org.testng.internal.Invoker.invokeTestMethods(Invoker.java:1177)
	at org.testng.internal.TestMethodWorker.invokeTestMethods(TestMethodWorker.java:129)
	at org.testng.internal.TestMethodWorker.run(TestMethodWorker.java:112)
	at org.testng.TestRunner.privateRun(TestRunner.java:756)
	at org.testng.TestRunner.run(TestRunner.java:610)
	at org.testng.SuiteRunner.runTest(SuiteRunner.java:387)
	at org.testng.SuiteRunner.access$000(SuiteRunner.java:39)
	at org.testng.SuiteRunner$SuiteWorker.run(SuiteRunner.java:421)
	at org.testng.internal.thread.ThreadUtil$2.call(ThreadUtil.java:64)
	at java.util.concurrent.FutureTask.run(FutureTask.java:266)
	at java.util.concurrent.ThreadPoolExecutor.runWorker(ThreadPoolExecutor.java:1142)
	at java.util.concurrent.ThreadPoolExecutor$Worker.run(ThreadPoolExecutor.java:617)
	at java.lang.Thread.run(Thread.java:745)
Caused by: org.junit.ComparisonFailure: expected:<BrowserStack[ - Google Search]> but was:<BrowserStack[BrowserStackBrowserStack - Google zoeken]>
	at org.junit.Assert.assertEquals(Assert.java:115)
	at org.junit.Assert.assertEquals(Assert.java:144)
	at com.browserstack.steps.BasicSearch.I_should_see_the_title(BasicSearch.java:62)
	at ✽.Then I should see the title "BrowserStack - Google Search"(src/test/resources/features/BasicSearch.feature:10)
]]>
            </full-stacktrace>
          </exception> <!-- cucumber.runtime.CucumberException -->
          <reporter-output>
          </reporter-output>
        </test-method> <!-- feature -->
        <test-method status="PASS" signature="tearDownClass()[pri:0, instance:com.browserstack.tests.BasicSearchTest@13c78c0b]" name="tearDownClass" is-config="true" duration-ms="2" started-at="2016-12-15T15:23:50Z" finished-at="2016-12-15T15:23:50Z">
          <reporter-output>
          </reporter-output>
        </test-method> <!-- tearDownClass -->
      </class> <!-- com.browserstack.tests.BasicSearchTest -->
    </test> <!-- BasicSearchChrome2 -->
    <test name="BasicSearchChrome1" duration-ms="1000385" started-at="2016-12-15T09:37:10Z" finished-at="2016-12-15T09:53:51Z">
      <class name="com.browserstack.tests.BasicSearchTest">
        <test-method status="PASS" signature="setUp(java.lang.String, java.lang.String)[pri:0, instance:com.browserstack.tests.BasicSearchTest@2d3fcdbd]" name="setUp" is-config="true" duration-ms="4205" started-at="2016-12-15T15:07:10Z" finished-at="2016-12-15T15:07:14Z">
          <params>
            <param index="0">
              <value>
                <![CDATA[single.conf.json]]>
              </value>
            </param>
            <param index="1">
              <value>
                <![CDATA[chrome1]]>
              </value>
            </param>
          </params>
          <reporter-output>
          </reporter-output>
        </test-method> <!-- setUp -->
        <test-method status="PASS" signature="setUpClass()[pri:0, instance:com.browserstack.tests.BasicSearchTest@2d3fcdbd]" name="setUpClass" is-config="true" duration-ms="136" started-at="2016-12-15T15:07:14Z" finished-at="2016-12-15T15:07:15Z">
          <reporter-output>
          </reporter-output>
        </test-method> <!-- setUpClass -->
        <test-method status="FAIL" signature="feature(cucumber.api.testng.CucumberFeatureWrapper)[pri:0, instance:com.browserstack.tests.BasicSearchTest@2d3fcdbd]" name="feature" duration-ms="995937" started-at="2016-12-15T15:07:15Z" description="Runs Cucumber Feature" data-provider="features" finished-at="2016-12-15T15:23:51Z">
          <params>
            <param index="0">
              <value>
                <![CDATA[Google can search]]>
              </value>
            </param>
          </params>
          <exception class="cucumber.runtime.CucumberException">
            <message>
              <![CDATA[org.junit.ComparisonFailure: expected:<BrowserStack[ - Google Search]> but was:<BrowserStack[BrowserStackBrowserStack - Google zoeken]>]]>
            </message>
            <full-stacktrace>
              <![CDATA[cucumber.runtime.CucumberException: org.junit.ComparisonFailure: expected:<BrowserStack[ - Google Search]> but was:<BrowserStack[BrowserStackBrowserStack - Google zoeken]>
	at cucumber.api.testng.TestNGCucumberRunner.runCucumber(TestNGCucumberRunner.java:69)
	at cucumber.api.testng.AbstractTestNGCucumberTests.feature(AbstractTestNGCucumberTests.java:21)
	at sun.reflect.NativeMethodAccessorImpl.invoke0(Native Method)
	at sun.reflect.NativeMethodAccessorImpl.invoke(NativeMethodAccessorImpl.java:62)
	at sun.reflect.DelegatingMethodAccessorImpl.invoke(DelegatingMethodAccessorImpl.java:43)
	at java.lang.reflect.Method.invoke(Method.java:498)
	at org.testng.internal.MethodInvocationHelper.invokeMethod(MethodInvocationHelper.java:104)
	at org.testng.internal.Invoker.invokeMethod(Invoker.java:645)
	at org.testng.internal.Invoker.invokeTestMethod(Invoker.java:851)
	at org.testng.internal.Invoker.invokeTestMethods(Invoker.java:1177)
	at org.testng.internal.TestMethodWorker.invokeTestMethods(TestMethodWorker.java:129)
	at org.testng.internal.TestMethodWorker.run(TestMethodWorker.java:112)
	at org.testng.TestRunner.privateRun(TestRunner.java:756)
	at org.testng.TestRunner.run(TestRunner.java:610)
	at org.testng.SuiteRunner.runTest(SuiteRunner.java:387)
	at org.testng.SuiteRunner.access$000(SuiteRunner.java:39)
	at org.testng.SuiteRunner$SuiteWorker.run(SuiteRunner.java:421)
	at org.testng.internal.thread.ThreadUtil$2.call(ThreadUtil.java:64)
	at java.util.concurrent.FutureTask.run(FutureTask.java:266)
	at java.util.concurrent.ThreadPoolExecutor.runWorker(ThreadPoolExecutor.java:1142)
	at java.util.concurrent.ThreadPoolExecutor$Worker.run(ThreadPoolExecutor.java:617)
	at java.lang.Thread.run(Thread.java:745)
Caused by: org.junit.ComparisonFailure: expected:<BrowserStack[ - Google Search]> but was:<BrowserStack[BrowserStackBrowserStack - Google zoeken]>
	at org.junit.Assert.assertEquals(Assert.java:115)
	at org.junit.Assert.assertEquals(Assert.java:144)
	at com.browserstack.steps.BasicSearch.I_should_see_the_title(BasicSearch.java:62)
	at ✽.Then I should see the title "BrowserStack - Google Search"(src/test/resources/features/BasicSearch.feature:10)
]]>
            </full-stacktrace>
          </exception> <!-- cucumber.runtime.CucumberException -->
          <reporter-output>
          </reporter-output>
        </test-method> <!-- feature -->
        <test-method status="PASS" signature="tearDownClass()[pri:0, instance:com.browserstack.tests.BasicSearchTest@2d3fcdbd]" name="tearDownClass" is-config="true" duration-ms="1" started-at="2016-12-15T15:23:51Z" finished-at="2016-12-15T15:23:51Z">
          <reporter-output>
          </reporter-output>
        </test-method> <!-- tearDownClass -->
      </class> <!-- com.browserstack.tests.BasicSearchTest -->
    </test> <!-- BasicSearchChrome1 -->
  </suite> <!-- Parallel -->
</testng-results>
